Start testing: May 10 01:27 IST
----------------------------------------------------------
1/3 Testing: DataPointTest.SizeAndAlignment
1/3 Test: DataPointTest.SizeAndAlignment
Command: "/home/shivansh/Desktop/Time-series-data-store/build/tsdb_tests" "--gtest_filter=DataPointTest.SizeAndAlignment" "--gtest_also_run_disabled_tests"
Directory: /home/shivansh/Desktop/Time-series-data-store/build
"DataPointTest.SizeAndAlignment" start time: May 10 01:27 IST
Output:
----------------------------------------------------------
Running main() from /home/shivansh/Desktop/Time-series-data-store/build/_deps/googletest-src/googletest/src/gtest_main.cc
Note: Google Test filter = DataPointTest.SizeAndAlignment
[==========] Running 1 test from 1 test suite.
[----------] Global test environment set-up.
[----------] 1 test from DataPointTest
[ RUN      ] DataPointTest.SizeAndAlignment
[       OK ] DataPointTest.SizeAndAlignment (0 ms)
[----------] 1 test from DataPointTest (0 ms total)

[----------] Global test environment tear-down
[==========] 1 test from 1 test suite ran. (0 ms total)
[  PASSED  ] 1 test.
<end of output>
Test time =   0.00 sec
----------------------------------------------------------
Test Passed.
"DataPointTest.SizeAndAlignment" end time: May 10 01:27 IST
"DataPointTest.SizeAndAlignment" time elapsed: 00:00:00
----------------------------------------------------------

2/3 Testing: TimeSeriesTest.BasicInstantiation
2/3 Test: TimeSeriesTest.BasicInstantiation
Command: "/home/shivansh/Desktop/Time-series-data-store/build/tsdb_tests" "--gtest_filter=TimeSeriesTest.BasicInstantiation" "--gtest_also_run_disabled_tests"
Directory: /home/shivansh/Desktop/Time-series-data-store/build
"TimeSeriesTest.BasicInstantiation" start time: May 10 01:27 IST
Output:
----------------------------------------------------------
Running main() from /home/shivansh/Desktop/Time-series-data-store/build/_deps/googletest-src/googletest/src/gtest_main.cc
Note: Google Test filter = TimeSeriesTest.BasicInstantiation
[==========] Running 1 test from 1 test suite.
[----------] Global test environment set-up.
[----------] 1 test from TimeSeriesTest
[ RUN      ] TimeSeriesTest.BasicInstantiation
[       OK ] TimeSeriesTest.BasicInstantiation (0 ms)
[----------] 1 test from TimeSeriesTest (0 ms total)

[----------] Global test environment tear-down
[==========] 1 test from 1 test suite ran. (0 ms total)
[  PASSED  ] 1 test.
<end of output>
Test time =   0.00 sec
----------------------------------------------------------
Test Passed.
"TimeSeriesTest.BasicInstantiation" end time: May 10 01:27 IST
"TimeSeriesTest.BasicInstantiation" time elapsed: 00:00:00
----------------------------------------------------------

3/3 Testing: TSDBTest.BasicInstantiation
3/3 Test: TSDBTest.BasicInstantiation
Command: "/home/shivansh/Desktop/Time-series-data-store/build/tsdb_tests" "--gtest_filter=TSDBTest.BasicInstantiation" "--gtest_also_run_disabled_tests"
Directory: /home/shivansh/Desktop/Time-series-data-store/build
"TSDBTest.BasicInstantiation" start time: May 10 01:27 IST
Output:
----------------------------------------------------------
Running main() from /home/shivansh/Desktop/Time-series-data-store/build/_deps/googletest-src/googletest/src/gtest_main.cc
Note: Google Test filter = TSDBTest.BasicInstantiation
[==========] Running 1 test from 1 test suite.
[----------] Global test environment set-up.
[----------] 1 test from TSDBTest
[ RUN      ] TSDBTest.BasicInstantiation
[       OK ] TSDBTest.BasicInstantiation (0 ms)
[----------] 1 test from TSDBTest (0 ms total)

[----------] Global test environment tear-down
[==========] 1 test from 1 test suite ran. (0 ms total)
[  PASSED  ] 1 test.
<end of output>
Test time =   0.00 sec
----------------------------------------------------------
Test Passed.
"TSDBTest.BasicInstantiation" end time: May 10 01:27 IST
"TSDBTest.BasicInstantiation" time elapsed: 00:00:00
----------------------------------------------------------

End testing: May 10 01:27 IST
